test_task.odt
Автозаправочная станция.html
test_task.odt
МНТ.doc
Автозаправочная станция.html
test_task.odt
МНТ.doc
Автозаправочная станция.html
sample.json.txt
Injustice.Gods Among Us Ultimate Edition.lnk
MSI Afterburner.lnk
sample.json.txt
Start Tor Browser.lnk
Telegram.lnk
The KMPlayer.lnk
Uplay.lnk
Viber.lnk
Yandex.lnk
Автозаправочная станция.html
МНТ.doc
Профиль.xlsx
Рейсы.txt
Ресторан.html
Injustice.Gods Among Us Ultimate Edition.lnk
MSI Afterburner.lnk
sample.json.txt
Start Tor Browser.lnk
Telegram.lnk
The KMPlayer.lnk
Uplay.lnk
Viber.lnk
Yandex.lnk
Автозаправочная станция.html
МНТ.doc
Профиль.xlsx
Рейсы.txt
Ресторан.html
